#-----------------------------------------------------------
# Vivado v2020.1 (64-bit)
# SW Build 2902540 on Wed May 27 19:54:49 MDT 2020
# IP Build 2902112 on Wed May 27 22:43:36 MDT 2020
# Start of session at: Thu Mar 31 11:29:15 2022
# Process ID: 7140
# Current directory: C:/Users/newDefaultTest/Desktop/digital-electronics-1/labs/08-Traffic light controller/traffic
# Command line: vivado.exe -gui_launcher_event rodinguilauncherevent4616 C:\Users\newDefaultTest\Desktop\digital-electronics-1\labs\08-Traffic light controller\traffic\traffic.xpr
# Log file: C:/Users/newDefaultTest/Desktop/digital-electronics-1/labs/08-Traffic light controller/traffic/vivado.log
# Journal file: C:/Users/newDefaultTest/Desktop/digital-electronics-1/labs/08-Traffic light controller/traffic\vivado.jou
#-----------------------------------------------------------
start_gui
open_project {C:/Users/newDefaultTest/Desktop/digital-electronics-1/labs/08-Traffic light controller/traffic/traffic.xpr}
INFO: [ProjectBase 1-489] The host OS only allows 260 characters in a normal path. The project is stored in a path with more than 80 characters. If you experience issues with IP, Block Designs, or files not being found, please consider moving the project to a location with a shorter path. Alternately consider using the OS subst command to map part of the path to a drive letter.
Current project path is 'C:/Users/newDefaultTest/Desktop/digital-electronics-1/labs/08-Traffic light controller/traffic'
Scanning sources...
Finished scanning sources
INFO: [IP_Flow 19-234] Refreshing IP repositories
INFO: [IP_Flow 19-1704] No user IP repositories specified
INFO: [IP_Flow 19-2313] Loaded Vivado IP repository 'C:/APPZ/Xilinx/Vivado/2020.1/data/ip'.
