#-----------------------------------------------------------
# Vivado v2020.1 (64-bit)
# SW Build 2902540 on Wed May 27 19:54:49 MDT 2020
# IP Build 2902112 on Wed May 27 22:43:36 MDT 2020
# Start of session at: Thu Mar 17 11:48:32 2022
# Process ID: 4464
# Current directory: C:/Users/newDefaultTest/Desktop/digital-electronics-1/labs/06-counter/counter
# Command line: vivado.exe -gui_launcher_event rodinguilauncherevent9388 C:\Users\newDefaultTest\Desktop\digital-electronics-1\labs\06-counter\counter\counter.xpr
# Log file: C:/Users/newDefaultTest/Desktop/digital-electronics-1/labs/06-counter/counter/vivado.log
# Journal file: C:/Users/newDefaultTest/Desktop/digital-electronics-1/labs/06-counter/counter\vivado.jou
#-----------------------------------------------------------
start_gui
open_project C:/Users/newDefaultTest/Desktop/digital-electronics-1/labs/06-counter/counter/counter.xpr
Scanning sources...
Finished scanning sources
INFO: [IP_Flow 19-234] Refreshing IP repositories
INFO: [IP_Flow 19-1704] No user IP repositories specified
INFO: [IP_Flow 19-2313] Loaded Vivado IP repository 'C:/APPZ/Xilinx/Vivado/2020.1/data/ip'.
update_compile_order -fileset sources_1
launch_simulation
Command: launch_simulation 
INFO: [Vivado 12-5682] Launching behavioral simulation in 'C:/Users/newDefaultTest/Desktop/digital-electronics-1/labs/06-counter/counter/counter.sim/sim_1/behav/xsim'
INFO: [SIM-utils-51] Simulation object is 'sim_1'
INFO: [SIM-utils-54] Inspecting design source files for 'tb_cnt_up_down' in fileset 'sim_1'...
INFO: [USF-XSim-97] Finding global include files...
INFO: [USF-XSim-98] Fetching design files from 'sim_1'...
INFO: [USF-XSim-2] XSim::Compile design
INFO: [USF-XSim-61] Executing 'COMPILE and ANALYZE' step in 'C:/Users/newDefaultTest/Desktop/digital-electronics-1/labs/06-counter/counter/counter.sim/sim_1/behav/xsim'
"xvhdl --incr --relax -prj tb_cnt_up_down_vhdl.prj"
INFO: [VRFC 10-163] Analyzing VHDL file "C:/Users/newDefaultTest/Desktop/digital-electronics-1/labs/06-counter/counter/counter.srcs/sources_1/new/cnt_up_down.vhd" into library xil_defaultlib
INFO: [VRFC 10-3107] analyzing entity 'cnt_up_down'
INFO: [VRFC 10-163] Analyzing VHDL file "C:/Users/newDefaultTest/Desktop/digital-electronics-1/labs/06-counter/counter/counter.srcs/sim_1/new/tb_cnt_up_down.vhd" into library xil_defaultlib
INFO: [VRFC 10-3107] analyzing entity 'tb_cnt_up_down'
INFO: [USF-XSim-69] 'compile' step finished in '1' seconds
INFO: [USF-XSim-3] XSim::Elaborate design
INFO: [USF-XSim-61] Executing 'ELABORATE' step in 'C:/Users/newDefaultTest/Desktop/digital-electronics-1/labs/06-counter/counter/counter.sim/sim_1/behav/xsim'
"xelab -wto 5386812d3c924076a0d7389758e04682 --incr --debug typical --relax --mt 2 -L xil_defaultlib -L secureip --snapshot tb_cnt_up_down_behav xil_defaultlib.tb_cnt_up_down -log elaborate.log"
Vivado Simulator 2020.1
Copyright 1986-1999, 2001-2020 Xilinx, Inc. All Rights Reserved.
Running: C:/APPZ/Xilinx/Vivado/2020.1/bin/unwrapped/win64.o/xelab.exe -wto 5386812d3c924076a0d7389758e04682 --incr --debug typical --relax --mt 2 -L xil_defaultlib -L secureip --snapshot tb_cnt_up_down_behav xil_defaultlib.tb_cnt_up_down -log elaborate.log 
Using 2 slave threads.
Starting static elaboration
Completed static elaboration
Starting simulation data flow analysis
Completed simulation data flow analysis
Time Resolution for simulation is 1ps
Compiling package std.standard
Compiling package std.textio
Compiling package ieee.std_logic_1164
Compiling package ieee.numeric_std
Compiling architecture behavioral of entity xil_defaultlib.cnt_up_down [\cnt_up_down(g_cnt_width=5)\]
Compiling architecture testbench of entity xil_defaultlib.tb_cnt_up_down
Built simulation snapshot tb_cnt_up_down_behav

****** Webtalk v2020.1 (64-bit)
  **** SW Build 2902540 on Wed May 27 19:54:49 MDT 2020
  **** IP Build 2902112 on Wed May 27 22:43:36 MDT 2020
    ** Copyright 1986-2020 Xilinx, Inc. All Rights Reserved.

source C:/Users/newDefaultTest/Desktop/digital-electronics-1/labs/06-counter/counter/counter.sim/sim_1/behav/xsim/xsim.dir/tb_cnt_up_down_behav/webtalk/xsim_webtalk.tcl -notrace
INFO: [Common 17-186] 'C:/Users/newDefaultTest/Desktop/digital-electronics-1/labs/06-counter/counter/counter.sim/sim_1/behav/xsim/xsim.dir/tb_cnt_up_down_behav/webtalk/usage_statistics_ext_xsim.xml' has been successfully sent to Xilinx on Thu Mar 17 11:51:06 2022. For additional details about this file, please refer to the WebTalk help file at C:/APPZ/Xilinx/Vivado/2020.1/doc/webtalk_introduction.html.
INFO: [Common 17-206] Exiting Webtalk at Thu Mar 17 11:51:06 2022...
run_program: Time (s): cpu = 00:00:00 ; elapsed = 00:00:06 . Memory (MB): peak = 1022.500 ; gain = 0.000
INFO: [USF-XSim-69] 'elaborate' step finished in '7' seconds
INFO: [USF-XSim-4] XSim::Simulate design
INFO: [USF-XSim-61] Executing 'SIMULATE' step in 'C:/Users/newDefaultTest/Desktop/digital-electronics-1/labs/06-counter/counter/counter.sim/sim_1/behav/xsim'
INFO: [USF-XSim-98] *** Running xsim
   with args "tb_cnt_up_down_behav -key {Behavioral:sim_1:Functional:tb_cnt_up_down} -tclbatch {tb_cnt_up_down.tcl} -log {simulate.log}"
INFO: [USF-XSim-8] Loading simulator feature
Vivado Simulator 2020.1
Time resolution is 1 ps
source tb_cnt_up_down.tcl
# set curr_wave [current_wave_config]
# if { [string length $curr_wave] == 0 } {
#   if { [llength [get_objects]] > 0} {
#     add_wave /
#     set_property needs_save false [current_wave_config]
#   } else {
#      send_msg_id Add_Wave-1 WARNING "No top level signals found. Simulator will start without a wave window. If you want to open a wave window go to 'File->New Waveform Configuration' or type 'create_wave_config' in the TCL console."
#   }
# }
# run 800ns
Note: Stimulus process started
Time: 0 ps  Iteration: 0  Process: /tb_cnt_up_down/p_stimulus  File: C:/Users/newDefaultTest/Desktop/digital-electronics-1/labs/06-counter/counter/counter.srcs/sim_1/new/tb_cnt_up_down.vhd
Note: Stimulus process finished
Time: 600 ns  Iteration: 0  Process: /tb_cnt_up_down/p_stimulus  File: C:/Users/newDefaultTest/Desktop/digital-electronics-1/labs/06-counter/counter/counter.srcs/sim_1/new/tb_cnt_up_down.vhd
INFO: [USF-XSim-96] XSim completed. Design snapshot 'tb_cnt_up_down_behav' loaded.
INFO: [USF-XSim-97] XSim simulation ran for 800ns
launch_simulation: Time (s): cpu = 00:00:07 ; elapsed = 00:00:12 . Memory (MB): peak = 1022.500 ; gain = 0.000
close [ open C:/Users/newDefaultTest/Desktop/digital-electronics-1/labs/06-counter/counter/counter.srcs/sources_1/new/top.vhd w ]
add_files C:/Users/newDefaultTest/Desktop/digital-electronics-1/labs/06-counter/counter/counter.srcs/sources_1/new/top.vhd
update_compile_order -fileset sources_1
add_files -norecurse C:/Users/newDefaultTest/Desktop/digital-electronics-1/labs/04-segment/display/display.srcs/sources_1/new/hex_7seg.vhd
update_compile_order -fileset sources_1
file mkdir C:/Users/newDefaultTest/Desktop/digital-electronics-1/labs/06-counter/counter/counter.srcs/constrs_1
file mkdir C:/Users/newDefaultTest/Desktop/digital-electronics-1/labs/06-counter/counter/counter.srcs/constrs_1/new
close [ open C:/Users/newDefaultTest/Desktop/digital-electronics-1/labs/06-counter/counter/counter.srcs/constrs_1/new/nexys-a7-50t.xdc w ]
add_files -fileset constrs_1 C:/Users/newDefaultTest/Desktop/digital-electronics-1/labs/06-counter/counter/counter.srcs/constrs_1/new/nexys-a7-50t.xdc
reset_run synth_1
WARNING: [Vivado 12-1017] Problems encountered:
1. Failed to delete one or more files in run directory C:/Users/newDefaultTest/Desktop/digital-electronics-1/labs/06-counter/counter/counter.runs/synth_1

launch_runs impl_1 -to_step write_bitstream -jobs 4
[Thu Mar 17 12:18:56 2022] Launched synth_1...
Run output will be captured here: C:/Users/newDefaultTest/Desktop/digital-electronics-1/labs/06-counter/counter/counter.runs/synth_1/runme.log
[Thu Mar 17 12:18:56 2022] Launched impl_1...
Run output will be captured here: C:/Users/newDefaultTest/Desktop/digital-electronics-1/labs/06-counter/counter/counter.runs/impl_1/runme.log
reset_run impl_1 -prev_step 
launch_runs impl_1 -to_step write_bitstream -jobs 4
[Thu Mar 17 12:21:57 2022] Launched impl_1...
Run output will be captured here: C:/Users/newDefaultTest/Desktop/digital-electronics-1/labs/06-counter/counter/counter.runs/impl_1/runme.log
reset_run impl_1 -prev_step 
launch_runs impl_1 -to_step write_bitstream -jobs 4
[Thu Mar 17 12:32:52 2022] Launched impl_1...
Run output will be captured here: C:/Users/newDefaultTest/Desktop/digital-electronics-1/labs/06-counter/counter/counter.runs/impl_1/runme.log
reset_run synth_1
WARNING: [Vivado 12-1017] Problems encountered:
1. Failed to delete one or more files in run directory C:/Users/newDefaultTest/Desktop/digital-electronics-1/labs/06-counter/counter/counter.runs/synth_1

launch_runs impl_1 -to_step write_bitstream -jobs 4
[Thu Mar 17 12:35:43 2022] Launched synth_1...
Run output will be captured here: C:/Users/newDefaultTest/Desktop/digital-electronics-1/labs/06-counter/counter/counter.runs/synth_1/runme.log
[Thu Mar 17 12:35:43 2022] Launched impl_1...
Run output will be captured here: C:/Users/newDefaultTest/Desktop/digital-electronics-1/labs/06-counter/counter/counter.runs/impl_1/runme.log
reset_run synth_1
WARNING: [Vivado 12-1017] Problems encountered:
1. Failed to delete one or more files in run directory C:/Users/newDefaultTest/Desktop/digital-electronics-1/labs/06-counter/counter/counter.runs/synth_1

launch_runs impl_1 -to_step write_bitstream -jobs 4
[Thu Mar 17 12:40:43 2022] Launched synth_1...
Run output will be captured here: C:/Users/newDefaultTest/Desktop/digital-electronics-1/labs/06-counter/counter/counter.runs/synth_1/runme.log
[Thu Mar 17 12:40:43 2022] Launched impl_1...
Run output will be captured here: C:/Users/newDefaultTest/Desktop/digital-electronics-1/labs/06-counter/counter/counter.runs/impl_1/runme.log
set_property top top [current_fileset]
update_compile_order -fileset sources_1
reset_run synth_1
WARNING: [Vivado 12-1017] Problems encountered:
1. Failed to delete one or more files in run directory C:/Users/newDefaultTest/Desktop/digital-electronics-1/labs/06-counter/counter/counter.runs/synth_1

launch_runs impl_1 -to_step write_bitstream -jobs 4
[Thu Mar 17 12:42:30 2022] Launched synth_1...
Run output will be captured here: C:/Users/newDefaultTest/Desktop/digital-electronics-1/labs/06-counter/counter/counter.runs/synth_1/runme.log
[Thu Mar 17 12:42:30 2022] Launched impl_1...
Run output will be captured here: C:/Users/newDefaultTest/Desktop/digital-electronics-1/labs/06-counter/counter/counter.runs/impl_1/runme.log
open_run impl_1
INFO: [Device 21-403] Loading part xc7a50ticsg324-1L
Netlist sorting complete. Time (s): cpu = 00:00:00 ; elapsed = 00:00:00 . Memory (MB): peak = 1535.422 ; gain = 0.000
INFO: [Netlist 29-17] Analyzing 8 Unisim elements for replacement
INFO: [Netlist 29-28] Unisim Transformation completed in 0 CPU seconds
INFO: [Project 1-479] Netlist was created with Vivado 2020.1
INFO: [Project 1-570] Preparing netlist for logic optimization
INFO: [Timing 38-478] Restoring timing data from binary archive.
INFO: [Timing 38-479] Binary timing data restore complete.
INFO: [Project 1-856] Restoring constraints from binary archive.
INFO: [Project 1-853] Binary constraint restore complete.
Reading XDEF placement.
Reading placer database...
Reading XDEF routing.
Read XDEF File: Time (s): cpu = 00:00:00 ; elapsed = 00:00:00.034 . Memory (MB): peak = 1885.891 ; gain = 0.000
Restored from archive | CPU: 0.000000 secs | Memory: 0.000000 MB |
Finished XDEF File Restore: Time (s): cpu = 00:00:00 ; elapsed = 00:00:00.035 . Memory (MB): peak = 1885.891 ; gain = 0.000
Netlist sorting complete. Time (s): cpu = 00:00:00 ; elapsed = 00:00:00 . Memory (MB): peak = 1885.891 ; gain = 0.000
INFO: [Project 1-111] Unisim Transformation Summary:
No Unisim elements were transformed.

open_run: Time (s): cpu = 00:00:21 ; elapsed = 00:00:18 . Memory (MB): peak = 1994.758 ; gain = 523.863
open_hw_manager
connect_hw_server -allow_non_jtag
INFO: [Labtools 27-2285] Connecting to hw_server url TCP:localhost:3121
INFO: [Labtools 27-2222] Launching hw_server...
INFO: [Labtools 27-2221] Launch Output:

****** Xilinx hw_server v2020.1
  **** Build date : May 27 2020 at 20:24:38
    ** Copyright 1986-2020 Xilinx, Inc. All Rights Reserved.


INFO: [Labtools 27-3415] Connecting to cs_server url TCP:localhost:3042
INFO: [Labtools 27-3417] Launching cs_server...
INFO: [Labtools 27-2221] Launch Output:


****** Xilinx cs_server v2020.1.0
  **** Build date : May 14 2020-03:10:29
    ** Copyright 2017-2020 Xilinx, Inc. All Rights Reserved.



connect_hw_server: Time (s): cpu = 00:00:01 ; elapsed = 00:00:07 . Memory (MB): peak = 2133.867 ; gain = 14.430
open_hw_target
INFO: [Labtoolstcl 44-466] Opening hw_target localhost:3121/xilinx_tcf/Digilent/210292AD2DB8A
current_hw_device [get_hw_devices xc7a50t_0]
refresh_hw_device -update_hw_probes false [lindex [get_hw_devices xc7a50t_0] 0]
INFO: [Labtools 27-1434] Device xc7a50t (JTAG device index = 0) is programmed with a design that has no supported debug core(s) in it.
refresh_hw_device [lindex [get_hw_devices xc7a50t_0] 0]
INFO: [Labtools 27-1434] Device xc7a50t (JTAG device index = 0) is programmed with a design that has no supported debug core(s) in it.
close_sim
INFO: [Simtcl 6-16] Simulation closed
close_sim: Time (s): cpu = 00:00:00 ; elapsed = 00:00:06 . Memory (MB): peak = 3460.848 ; gain = 5.906
exit
INFO: [Common 17-206] Exiting Vivado at Thu Mar 17 12:52:45 2022...
