#-----------------------------------------------------------
# Vivado v2020.1 (64-bit)
# SW Build 2902540 on Wed May 27 19:54:49 MDT 2020
# IP Build 2902112 on Wed May 27 22:43:36 MDT 2020
# Start of session at: Thu Feb 24 12:48:35 2022
# Process ID: 7436
# Current directory: C:/Users/newDefaultTest/Desktop/digital-electronics-1/labs/03-vivado/multiplexer
# Command line: vivado.exe -gui_launcher_event rodinguilauncherevent8316 C:\Users\newDefaultTest\Desktop\digital-electronics-1\labs\03-vivado\multiplexer\multiplexer.xpr
# Log file: C:/Users/newDefaultTest/Desktop/digital-electronics-1/labs/03-vivado/multiplexer/vivado.log
# Journal file: C:/Users/newDefaultTest/Desktop/digital-electronics-1/labs/03-vivado/multiplexer\vivado.jou
#-----------------------------------------------------------
start_gui
open_project C:/Users/newDefaultTest/Desktop/digital-electronics-1/labs/03-vivado/multiplexer/multiplexer.xpr
Scanning sources...
Finished scanning sources
INFO: [IP_Flow 19-234] Refreshing IP repositories
INFO: [IP_Flow 19-1704] No user IP repositories specified
INFO: [IP_Flow 19-2313] Loaded Vivado IP repository 'C:/APPZ/Xilinx/Vivado/2020.1/data/ip'.
open_project: Time (s): cpu = 00:00:12 ; elapsed = 00:00:13 . Memory (MB): peak = 1019.820 ; gain = 0.000
exit
INFO: [Common 17-206] Exiting Vivado at Thu Feb 24 12:49:27 2022...
g Vivado at Thu Feb 24 12:49:14 2022...
